<?xml version="1.0" encoding="UTF-8"?>
<testsuite name="org.zeromq.zyre.ZyreEventTest" tests="1" skipped="0" failures="0" errors="0" timestamp="2015-11-30T21:44:48" hostname="Locals-MacBook-Pro.local" time="0.264">
  <properties/>
  <testcase name="testZyreEvent" classname="org.zeromq.zyre.ZyreEventTest" time="0.264"/>
  <system-out><![CDATA[]]></system-out>
  <system-err><![CDATA[]]></system-err>
</testsuite>
