<?xml version="1.0" encoding="UTF-8"?>
<testsuite name="org.zeromq.zyre.ZyreTest" tests="1" skipped="0" failures="0" errors="0" timestamp="2015-11-30T21:44:49" hostname="Locals-MacBook-Pro.local" time="0.216">
  <properties/>
  <testcase name="testZyre" classname="org.zeromq.zyre.ZyreTest" time="0.216"/>
  <system-out><![CDATA[OK
]]></system-out>
  <system-err><![CDATA[]]></system-err>
</testsuite>
